# JRE version: Java(TM) SE Runtime Environment (8.0_181-b13) (build 1.8.0_181-b13)
# Java VM: Java HotSpot(TM) 64-Bit Server VM (25.181-b13 mixed mode bsd-amd64 compressed oops)
Heap:
 PSYoungGen      total 18944K, used 14423K [0x00000007aab00000, 0x00000007acf80000, 0x00000007c0000000)
  eden space 16384K, 72% used [0x00000007aab00000,0x00000007ab69c1e0,0x00000007abb00000)
  from space 2560K, 99% used [0x00000007abb00000,0x00000007abd79de8,0x00000007abd80000)
  to   space 6656K, 0% used [0x00000007ac900000,0x00000007ac900000,0x00000007acf80000)
 ParOldGen       total 36352K, used 9285K [0x0000000780000000, 0x0000000782380000, 0x00000007aab00000)
  object space 36352K, 25% used [0x0000000780000000,0x00000007809115a8,0x0000000782380000)
 Metaspace       used 23711K, capacity 24075K, committed 24320K, reserved 1071104K
  class space    used 2447K, capacity 2556K, committed 2560K, reserved 1048576K
GC Heap History (10 events):
Event: 5.236 GC heap before
{Heap before GC invocations=2 (full 0):
 PSYoungGen      total 18944K, used 18937K [0x00000007aab00000, 0x00000007ac000000, 0x00000007c0000000)
  eden space 16384K, 100% used [0x00000007aab00000,0x00000007abb00000,0x00000007abb00000)
  from space 2560K, 99% used [0x00000007abb00000,0x00000007abd7e770,0x00000007abd80000)
  to   space 2560K, 0% used [0x00000007abd80000,0x00000007abd80000,0x00000007ac000000)
 ParOldGen       total 44032K, used 1045K [0x0000000780000000, 0x0000000782b00000, 0x00000007aab00000)
  object space 44032K, 2% used [0x0000000780000000,0x0000000780105688,0x0000000782b00000)
 Metaspace       used 16704K, capacity 16977K, committed 17280K, reserved 1064960K
  class space    used 1726K, capacity 1825K, committed 1920K, reserved 1048576K
Event: 5.246 GC heap after
Heap after GC invocations=2 (full 0):
 PSYoungGen      total 18944K, used 2528K [0x00000007aab00000, 0x00000007ac000000, 0x00000007c0000000)
  eden space 16384K, 0% used [0x00000007aab00000,0x00000007aab00000,0x00000007abb00000)
  from space 2560K, 98% used [0x00000007abd80000,0x00000007abff8020,0x00000007ac000000)
  to   space 2560K, 0% used [0x00000007abb00000,0x00000007abb00000,0x00000007abd80000)
 ParOldGen       total 44032K, used 2965K [0x0000000780000000, 0x0000000782b00000, 0x00000007aab00000)
  object space 44032K, 6% used [0x0000000780000000,0x00000007802e55f8,0x0000000782b00000)
 Metaspace       used 16704K, capacity 16977K, committed 17280K, reserved 1064960K
  class space    used 1726K, capacity 1825K, committed 1920K, reserved 1048576K
}
Event: 6.118 GC heap before
{Heap before GC invocations=3 (full 0):
 PSYoungGen      total 18944K, used 18912K [0x00000007aab00000, 0x00000007ac000000, 0x00000007c0000000)
  eden space 16384K, 100% used [0x00000007aab00000,0x00000007abb00000,0x00000007abb00000)
  from space 2560K, 98% used [0x00000007abd80000,0x00000007abff8020,0x00000007ac000000)
  to   space 2560K, 0% used [0x00000007abb00000,0x00000007abb00000,0x00000007abd80000)
 ParOldGen       total 44032K, used 2965K [0x0000000780000000, 0x0000000782b00000, 0x00000007aab00000)
  object space 44032K, 6% used [0x0000000780000000,0x00000007802e55f8,0x0000000782b00000)
 Metaspace       used 17953K, capacity 18291K, committed 18688K, reserved 1067008K
  class space    used 1859K, capacity 1986K, committed 2048K, reserved 1048576K
Event: 6.128 GC heap after
Heap after GC invocations=3 (full 0):
 PSYoungGen      total 18944K, used 2544K [0x00000007aab00000, 0x00000007ac000000, 0x00000007c0000000)
  eden space 16384K, 0% used [0x00000007aab00000,0x00000007aab00000,0x00000007abb00000)
  from space 2560K, 99% used [0x00000007abb00000,0x00000007abd7c050,0x00000007abd80000)
  to   space 2560K, 0% used [0x00000007abd80000,0x00000007abd80000,0x00000007ac000000)
 ParOldGen       total 44032K, used 7180K [0x0000000780000000, 0x0000000782b00000, 0x00000007aab00000)
  object space 44032K, 16% used [0x0000000780000000,0x00000007807032d0,0x0000000782b00000)
 Metaspace       used 17953K, capacity 18291K, committed 18688K, reserved 1067008K
  class space    used 1859K, capacity 1986K, committed 2048K, reserved 1048576K
}
Event: 6.679 GC heap before
{Heap before GC invocations=4 (full 0):
 PSYoungGen      total 18944K, used 14748K [0x00000007aab00000, 0x00000007ac000000, 0x00000007c0000000)
  eden space 16384K, 74% used [0x00000007aab00000,0x00000007ab6eb300,0x00000007abb00000)
  from space 2560K, 99% used [0x00000007abb00000,0x00000007abd7c050,0x00000007abd80000)
  to   space 2560K, 0% used [0x00000007abd80000,0x00000007abd80000,0x00000007ac000000)
 ParOldGen       total 44032K, used 7180K [0x0000000780000000, 0x0000000782b00000, 0x00000007aab00000)
  object space 44032K, 16% used [0x0000000780000000,0x00000007807032d0,0x0000000782b00000)
 Metaspace       used 20673K, capacity 21041K, committed 21248K, reserved 1069056K
  class space    used 2149K, capacity 2295K, committed 2304K, reserved 1048576K
Event: 6.688 GC heap after
Heap after GC invocations=4 (full 0):
 PSYoungGen      total 18944K, used 2528K [0x00000007aab00000, 0x00000007ac000000, 0x00000007c0000000)
  eden space 16384K, 0% used [0x00000007aab00000,0x00000007aab00000,0x00000007abb00000)
  from space 2560K, 98% used [0x00000007abd80000,0x00000007abff8040,0x00000007ac000000)
  to   space 2560K, 0% used [0x00000007abb00000,0x00000007abb00000,0x00000007abd80000)
 ParOldGen       total 44032K, used 9310K [0x0000000780000000, 0x0000000782b00000, 0x00000007aab00000)
  object space 44032K, 21% used [0x0000000780000000,0x0000000780917a80,0x0000000782b00000)
 Metaspace       used 20673K, capacity 21041K, committed 21248K, reserved 1069056K
  class space    used 2149K, capacity 2295K, committed 2304K, reserved 1048576K
}
Event: 6.688 GC heap before
{Heap before GC invocations=5 (full 1):
 PSYoungGen      total 18944K, used 2528K [0x00000007aab00000, 0x00000007ac000000, 0x00000007c0000000)
  eden space 16384K, 0% used [0x00000007aab00000,0x00000007aab00000,0x00000007abb00000)
  from space 2560K, 98% used [0x00000007abd80000,0x00000007abff8040,0x00000007ac000000)
  to   space 2560K, 0% used [0x00000007abb00000,0x00000007abb00000,0x00000007abd80000)
 ParOldGen       total 44032K, used 9310K [0x0000000780000000, 0x0000000782b00000, 0x00000007aab00000)
  object space 44032K, 21% used [0x0000000780000000,0x0000000780917a80,0x0000000782b00000)
 Metaspace       used 20673K, capacity 21041K, committed 21248K, reserved 1069056K
  class space    used 2149K, capacity 2295K, committed 2304K, reserved 1048576K
Event: 6.743 GC heap after
Heap after GC invocations=5 (full 1):
 PSYoungGen      total 18944K, used 0K [0x00000007aab00000, 0x00000007ac000000, 0x00000007c0000000)
  eden space 16384K, 0% used [0x00000007aab00000,0x00000007aab00000,0x00000007abb00000)
  from space 2560K, 0% used [0x00000007abd80000,0x00000007abd80000,0x00000007ac000000)
  to   space 2560K, 0% used [0x00000007abb00000,0x00000007abb00000,0x00000007abd80000)
 ParOldGen       total 36352K, used 7006K [0x0000000780000000, 0x0000000782380000, 0x00000007aab00000)
  object space 36352K, 19% used [0x0000000780000000,0x00000007806d7ac8,0x0000000782380000)
 Metaspace       used 20673K, capacity 21041K, committed 21248K, reserved 1069056K
  class space    used 2149K, capacity 2295K, committed 2304K, reserved 1048576K
}
Event: 9.301 GC heap before
{Heap before GC invocations=6 (full 1):
 PSYoungGen      total 18944K, used 16384K [0x00000007aab00000, 0x00000007ac000000, 0x00000007c0000000)
  eden space 16384K, 100% used [0x00000007aab00000,0x00000007abb00000,0x00000007abb00000)
  from space 2560K, 0% used [0x00000007abd80000,0x00000007abd80000,0x00000007ac000000)
  to   space 2560K, 0% used [0x00000007abb00000,0x00000007abb00000,0x00000007abd80000)
 ParOldGen       total 36352K, used 7006K [0x0000000780000000, 0x0000000782380000, 0x00000007aab00000)
  object space 36352K, 19% used [0x0000000780000000,0x00000007806d7ac8,0x0000000782380000)
 Metaspace       used 23488K, capacity 23875K, committed 24064K, reserved 1071104K
  class space    used 2431K, capacity 2554K, committed 2560K, reserved 1048576K
Event: 9.307 GC heap after
Heap after GC invocations=6 (full 1):
 PSYoungGen      total 18944K, used 2535K [0x00000007aab00000, 0x00000007acf80000, 0x00000007c0000000)
  eden space 16384K, 0% used [0x00000007aab00000,0x00000007aab00000,0x00000007abb00000)
  from space 2560K, 99% used [0x00000007abb00000,0x00000007abd79de8,0x00000007abd80000)
  to   space 6656K, 0% used [0x00000007ac900000,0x00000007ac900000,0x00000007acf80000)
 ParOldGen       total 36352K, used 9285K [0x0000000780000000, 0x0000000782380000, 0x00000007aab00000)
  object space 36352K, 25% used [0x0000000780000000,0x00000007809115a8,0x0000000782380000)
 Metaspace       used 23488K, capacity 23875K, committed 24064K, reserved 1071104K
  class space    used 2431K, capacity 2554K, committed 2560K, reserved 1048576K
}

